TN:
SF:modules/setup/middelWare/csrfToken.js
FN:19,(anonymous_0)
FN:34,(anonymous_1)
FN:47,(anonymous_2)
FN:81,(anonymous_3)
FN:90,(anonymous_4)
FNF:5
FNH:4
FNDA:0,(anonymous_0)
FNDA:19,(anonymous_1)
FNDA:219,(anonymous_2)
FNDA:2,(anonymous_3)
FNDA:2,(anonymous_4)
DA:10,1
DA:12,1
DA:13,1
DA:16,1
DA:19,1
DA:20,0
DA:21,0
DA:22,0
DA:23,0
DA:34,1
DA:35,19
DA:36,19
DA:37,19
DA:47,1
DA:48,219
DA:49,6
DA:52,213
DA:53,213
DA:54,2
DA:58,211
DA:59,0
DA:60,0
DA:64,211
DA:65,211
DA:70,3
DA:81,1
DA:82,2
DA:90,1
DA:91,2
DA:94,1
LF:30
LH:24
BRDA:22,0,0,0
BRDA:22,0,1,0
BRDA:48,1,0,6
BRDA:48,1,1,213
BRDA:48,2,0,219
BRDA:48,2,1,216
BRDA:53,3,0,2
BRDA:53,3,1,211
BRDA:58,4,0,0
BRDA:58,4,1,211
BRF:10
BRH:7
end_of_record
TN:
SF:modules/setup/middelWare/is_api.js
FN:1,(anonymous_0)
FNF:1
FNH:1
FNDA:16,(anonymous_0)
DA:1,1
DA:2,16
DA:3,7
DA:5,9
DA:7,1
LF:5
LH:5
BRDA:2,0,0,7
BRDA:2,0,1,9
BRDA:2,1,0,16
BRDA:2,1,1,15
BRDA:2,1,2,10
BRF:5
BRH:5
end_of_record
TN:
SF:modules/setup/middelWare/is_app.js
FN:16,(anonymous_0)
FNF:1
FNH:1
FNDA:7,(anonymous_0)
DA:16,1
DA:17,7
DA:18,1
DA:20,6
DA:23,1
LF:5
LH:5
BRDA:17,0,0,1
BRDA:17,0,1,6
BRF:2
BRH:2
end_of_record
TN:
SF:modules/setup/middelWare/is_asset.js
FN:35,(anonymous_0)
FNF:1
FNH:1
FNDA:67,(anonymous_0)
DA:12,1
DA:35,1
DA:36,67
DA:37,64
DA:40,1
LF:5
LH:5
BRDA:36,0,0,3
BRDA:36,0,1,64
BRDA:36,1,0,67
BRDA:36,1,1,64
BRF:4
BRH:4
end_of_record
TN:
SF:modules/setup/middelWare/rateLimit.js
FN:14,(anonymous_0)
FN:31,(anonymous_1)
FN:66,(anonymous_2)
FNF:3
FNH:2
FNDA:0,(anonymous_0)
FNDA:138,(anonymous_1)
FNDA:5,(anonymous_2)
DA:8,1
DA:9,1
DA:11,1
DA:14,1
DA:15,0
DA:16,0
DA:17,0
DA:18,0
DA:31,1
DA:32,138
DA:34,138
DA:35,15
DA:36,15
DA:39,123
DA:42,123
DA:43,1
DA:44,1
DA:45,1
DA:48,122
DA:50,122
DA:51,7
DA:52,7
DA:55,115
DA:66,1
DA:67,5
DA:68,5
DA:70,5
DA:71,1
DA:72,1
DA:76,1
DA:77,1
DA:80,4
DA:83,1
LF:33
LH:29
BRDA:17,0,0,0
BRDA:17,0,1,0
BRDA:31,1,0,110
BRDA:31,2,0,110
BRDA:34,3,0,15
BRDA:34,3,1,123
BRDA:42,4,0,1
BRDA:42,4,1,122
BRDA:50,5,0,7
BRDA:50,5,1,115
BRDA:67,6,0,5
BRDA:67,6,1,2
BRDA:67,6,2,1
BRDA:70,7,0,1
BRDA:70,7,1,4
BRF:15
BRH:13
end_of_record
TN:
SF:modules/setup/middelWare/safePath.js
FN:21,(anonymous_0)
FN:52,(anonymous_1)
FN:81,(anonymous_2)
FN:82,(anonymous_3)
FNF:4
FNH:4
FNDA:70,(anonymous_0)
FNDA:51,(anonymous_1)
FNDA:32,(anonymous_2)
FNDA:38,(anonymous_3)
DA:1,1
DA:4,1
DA:21,1
DA:22,70
DA:23,70
DA:26,70
DA:27,3
DA:31,67
DA:32,67
DA:33,30
DA:37,37
DA:38,37
DA:39,7
DA:42,30
DA:52,1
DA:54,51
DA:57,51
DA:58,51
DA:64,51
DA:65,51
DA:68,51
DA:70,51
DA:81,1
DA:82,38
DA:83,32
DA:84,32
DA:85,32
DA:88,1
LF:28
LH:28
BRDA:26,0,0,3
BRDA:26,0,1,67
BRDA:26,1,0,70
BRDA:26,1,1,3
BRDA:32,2,0,30
BRDA:32,2,1,37
BRDA:38,3,0,7
BRDA:38,3,1,30
BRDA:38,4,0,37
BRDA:38,4,1,7
BRF:10
BRH:10
end_of_record
TN:
SF:modules/setup/middelWare/securityLog.js
FN:28,(anonymous_0)
FNF:1
FNH:1
FNDA:17,(anonymous_0)
DA:8,1
DA:9,1
DA:11,1
DA:28,1
DA:29,17
DA:30,17
DA:31,17
DA:42,17
DA:43,17
DA:44,7
DA:45,10
DA:46,3
DA:48,7
DA:51,17
DA:54,1
LF:15
LH:15
BRDA:28,0,0,1
BRDA:30,1,0,17
BRDA:30,1,1,6
BRDA:36,2,0,17
BRDA:36,2,1,16
BRDA:37,3,0,17
BRDA:37,3,1,16
BRDA:38,4,0,17
BRDA:38,4,1,9
BRDA:43,5,0,7
BRDA:43,5,1,10
BRDA:44,6,0,7
BRDA:44,6,1,1
BRDA:45,7,0,3
BRDA:45,7,1,7
BRDA:46,8,0,3
BRDA:46,8,1,1
BRF:17
BRH:17
end_of_record
TN:
SF:modules/setup/sessions/cookieUtils.js
FN:18,(anonymous_0)
FN:42,(anonymous_1)
FN:56,(anonymous_2)
FN:74,(anonymous_3)
FNF:4
FNH:4
FNDA:9,(anonymous_0)
FNDA:9,(anonymous_1)
FNDA:9,(anonymous_2)
FNDA:3,(anonymous_3)
DA:18,1
DA:19,9
DA:22,9
DA:23,21
DA:24,21
DA:25,7
DA:26,14
DA:27,6
DA:28,8
DA:29,6
DA:33,9
DA:42,1
DA:43,9
DA:56,1
DA:57,9
DA:58,9
DA:60,9
DA:74,1
DA:75,3
DA:76,3
DA:79,1
LF:21
LH:21
BRDA:19,0,0,7
BRDA:19,0,1,2
BRDA:24,1,0,7
BRDA:24,1,1,14
BRDA:26,2,0,6
BRDA:26,2,1,8
BRDA:28,3,0,6
BRDA:28,3,1,2
BRDA:44,4,0,9
BRDA:44,4,1,4
BRDA:44,4,2,4
BRDA:44,4,3,3
BRDA:44,4,4,3
BRDA:44,4,5,2
BRF:14
BRH:14
end_of_record
TN:
SF:modules/utils/query/makeQuery.js
FN:11,(anonymous_0)
FNF:1
FNH:1
FNDA:8,(anonymous_0)
DA:1,1
DA:2,1
DA:3,1
DA:4,1
DA:5,1
DA:6,1
DA:7,1
DA:8,1
DA:9,1
DA:11,1
DA:12,8
DA:14,8
DA:15,8
DA:16,8
DA:18,8
DA:19,2
DA:20,6
DA:21,0
DA:22,6
DA:23,2
DA:24,4
DA:25,2
DA:26,2
DA:27,2
DA:28,0
DA:29,0
DA:30,0
DA:31,0
DA:32,0
DA:33,0
DA:34,0
DA:36,0
DA:37,0
DA:38,0
DA:39,0
DA:44,1
LF:36
LH:24
BRDA:18,0,0,2
BRDA:18,0,1,6
BRDA:20,1,0,0
BRDA:20,1,1,6
BRDA:22,2,0,2
BRDA:22,2,1,4
BRDA:24,3,0,2
BRDA:24,3,1,2
BRDA:26,4,0,2
BRDA:26,4,1,0
BRDA:28,5,0,0
BRDA:28,5,1,0
BRDA:30,6,0,0
BRDA:30,6,1,0
BRDA:31,7,0,0
BRDA:31,7,1,0
BRDA:33,8,0,0
BRDA:33,8,1,0
BRDA:36,9,0,0
BRDA:36,9,1,0
BRDA:38,10,0,0
BRDA:38,10,1,0
BRF:22
BRH:8
end_of_record
TN:
SF:modules/utils/query/queryData/checkQuery.js
FN:2,(anonymous_0)
FNF:1
FNH:0
FNDA:0,(anonymous_0)
DA:2,1
DA:3,0
DA:4,0
DA:7,1
LF:4
LH:2
BRF:0
BRH:0
end_of_record
TN:
SF:modules/utils/query/queryData/checkQueryUptime.js
FN:2,(anonymous_0)
FNF:1
FNH:0
FNDA:0,(anonymous_0)
DA:2,1
DA:3,0
DA:4,0
DA:5,0
DA:7,0
DA:8,0
DA:9,0
DA:10,0
DA:11,0
DA:13,0
DA:14,0
DA:16,0
DA:17,0
DA:18,0
DA:19,0
DA:20,0
DA:21,0
DA:26,0
DA:29,1
LF:19
LH:2
BRDA:9,0,0,0
BRDA:9,0,1,0
BRDA:9,1,0,0
BRDA:9,1,1,0
BRDA:16,2,0,0
BRDA:16,2,1,0
BRF:6
BRH:0
end_of_record
TN:
SF:modules/utils/query/queryData/deleteQuery.js
FN:3,(anonymous_0)
FNF:1
FNH:1
FNDA:4,(anonymous_0)
DA:1,1
DA:3,1
DA:4,4
DA:6,4
DA:7,4
DA:8,4
DA:10,4
DA:11,4
DA:12,1
DA:13,1
DA:16,4
DA:17,4
DA:19,0
DA:23,1
LF:14
LH:13
BRDA:6,0,0,4
BRDA:6,0,1,0
BRDA:11,1,0,1
BRDA:11,1,1,3
BRDA:11,2,0,4
BRDA:11,2,1,1
BRF:6
BRH:5
end_of_record
TN:
SF:modules/utils/query/queryData/getJQuery.js
FN:24,(anonymous_0)
FNF:1
FNH:0
FNDA:0,(anonymous_0)
DA:12,1
DA:13,1
DA:14,1
DA:15,1
DA:22,1
DA:24,1
DA:25,0
DA:26,0
DA:27,0
DA:28,0
DA:30,0
DA:31,0
DA:32,0
DA:33,0
DA:34,0
DA:36,0
DA:38,0
DA:39,0
DA:40,0
DA:41,0
DA:42,0
DA:43,0
DA:44,0
DA:46,0
DA:47,0
DA:48,0
DA:50,0
DA:54,0
DA:55,0
DA:56,0
DA:58,0
DA:59,0
DA:61,0
DA:64,0
DA:65,0
DA:66,0
DA:67,0
DA:68,0
DA:69,0
DA:71,0
DA:73,0
DA:74,0
DA:76,0
DA:77,0
DA:78,0
DA:79,0
DA:80,0
DA:82,0
DA:83,0
DA:89,0
DA:90,0
DA:92,0
DA:94,0
DA:95,0
DA:97,0
DA:101,1
LF:56
LH:7
BRDA:24,0,0,0
BRDA:26,1,0,0
BRDA:26,1,1,0
BRDA:28,2,0,0
BRDA:28,2,1,0
BRDA:30,3,0,0
BRDA:30,3,1,0
BRDA:32,4,0,0
BRDA:32,4,1,0
BRDA:33,5,0,0
BRDA:33,5,1,0
BRDA:33,6,0,0
BRDA:33,6,1,0
BRDA:38,7,0,0
BRDA:38,7,1,0
BRDA:40,8,0,0
BRDA:40,8,1,0
BRDA:42,9,0,0
BRDA:42,9,1,0
BRDA:43,10,0,0
BRDA:43,10,1,0
BRDA:46,11,0,0
BRDA:46,11,1,0
BRDA:46,12,0,0
BRDA:46,12,1,0
BRDA:47,13,0,0
BRDA:47,13,1,0
BRDA:56,14,0,0
BRDA:56,14,1,0
BRDA:56,15,0,0
BRDA:56,15,1,0
BRDA:56,15,2,0
BRDA:58,16,0,0
BRDA:58,16,1,0
BRDA:64,17,0,0
BRDA:64,17,1,0
BRDA:66,18,0,0
BRDA:66,18,1,0
BRDA:68,19,0,0
BRDA:68,19,1,0
BRDA:76,20,0,0
BRDA:76,20,1,0
BRDA:79,21,0,0
BRDA:79,21,1,0
BRF:44
BRH:0
end_of_record
TN:
SF:modules/utils/query/queryData/getLimit.js
FN:11,(anonymous_0)
FNF:1
FNH:1
FNDA:17,(anonymous_0)
DA:11,1
DA:12,17
DA:13,17
DA:15,17
DA:16,4
DA:17,2
DA:18,2
DA:20,2
DA:21,2
DA:23,13
DA:24,11
DA:26,2
DA:27,2
DA:30,17
DA:33,1
LF:15
LH:15
BRDA:15,0,0,4
BRDA:15,0,1,13
BRDA:16,1,0,2
BRDA:16,1,1,2
BRDA:23,2,0,11
BRDA:23,2,1,2
BRDA:23,3,0,13
BRDA:23,3,1,3
BRDA:23,3,2,3
BRDA:23,3,3,3
BRDA:23,3,4,2
BRDA:23,3,5,2
BRF:12
BRH:12
end_of_record
TN:
SF:modules/utils/query/queryData/getQuery.js
FN:13,(anonymous_0)
FNF:1
FNH:1
FNDA:10,(anonymous_0)
DA:9,1
DA:10,1
DA:11,1
DA:13,1
DA:14,10
DA:16,10
DA:17,9
DA:18,9
DA:19,9
DA:21,9
DA:22,0
DA:25,9
DA:26,9
DA:28,5
DA:29,4
DA:33,9
DA:34,3
DA:35,3
DA:36,2
DA:40,9
DA:41,9
DA:43,9
DA:44,6
DA:46,3
DA:49,9
DA:51,9
DA:52,9
DA:53,9
DA:55,0
DA:56,0
DA:57,0
DA:60,1
DA:64,1
LF:33
LH:29
BRDA:16,0,0,9
BRDA:16,0,1,1
BRDA:21,1,0,0
BRDA:21,1,1,9
BRDA:26,2,0,5
BRDA:26,2,1,4
BRDA:28,3,0,4
BRDA:28,3,1,1
BRDA:33,4,0,3
BRDA:33,4,1,6
BRDA:33,5,0,9
BRDA:33,5,1,3
BRDA:35,6,0,2
BRDA:35,6,1,1
BRDA:43,7,0,6
BRDA:43,7,1,3
BRDA:51,8,0,9
BRDA:51,8,1,0
BRDA:51,9,0,9
BRDA:51,9,1,9
BRF:20
BRH:18
end_of_record
TN:
SF:modules/utils/query/queryData/insertQuery.js
FN:5,(anonymous_0)
FN:9,(anonymous_1)
FNF:2
FNH:2
FNDA:4,(anonymous_0)
FNDA:28,(anonymous_1)
DA:2,1
DA:3,1
DA:5,1
DA:6,4
DA:8,4
DA:9,28
DA:10,4
DA:11,4
DA:13,4
DA:14,4
DA:16,0
DA:20,1
LF:12
LH:11
BRDA:8,0,0,4
BRDA:8,0,1,0
BRF:2
BRH:1
end_of_record
TN:
SF:modules/utils/query/queryData/insertValues.js
FN:1,(anonymous_0)
FNF:1
FNH:1
FNDA:16,(anonymous_0)
DA:1,1
DA:2,16
DA:4,16
DA:5,2
DA:6,2
DA:7,4
DA:8,4
DA:9,4
DA:10,18
DA:11,2
DA:13,16
DA:14,16
DA:17,18
DA:18,18
DA:19,14
DA:22,4
DA:23,4
DA:24,2
DA:27,2
DA:29,14
DA:30,14
DA:31,51
DA:32,3
DA:34,48
DA:35,48
DA:37,51
DA:38,51
DA:39,37
DA:42,14
DA:43,14
DA:47,1
LF:31
LH:31
BRDA:4,0,0,2
BRDA:4,0,1,14
BRDA:10,1,0,2
BRDA:10,1,1,16
BRDA:10,2,0,18
BRDA:10,2,1,16
BRDA:17,3,0,14
BRDA:17,3,1,4
BRDA:17,4,0,18
BRDA:17,4,1,4
BRDA:18,5,0,14
BRDA:18,5,1,4
BRDA:23,6,0,2
BRDA:23,6,1,2
BRDA:31,7,0,3
BRDA:31,7,1,48
BRDA:31,8,0,51
BRDA:31,8,1,48
BRDA:37,9,0,37
BRDA:37,9,1,14
BRDA:37,10,0,51
BRDA:37,10,1,14
BRDA:38,11,0,37
BRDA:38,11,1,14
BRF:24
BRH:24
end_of_record
TN:
SF:modules/utils/query/queryData/orAndOption.js
FN:12,(anonymous_0)
FNF:1
FNH:1
FNDA:58,(anonymous_0)
DA:10,1
DA:12,1
DA:13,58
DA:16,1
LF:4
LH:4
BRF:0
BRH:0
end_of_record
TN:
SF:modules/utils/query/queryData/orAndOptionJoin.js
FN:15,(anonymous_0)
FNF:1
FNH:0
FNDA:0,(anonymous_0)
DA:13,1
DA:15,1
DA:16,0
DA:25,1
LF:4
LH:3
BRF:0
BRH:0
end_of_record
TN:
SF:modules/utils/query/queryData/queryHelpers.js
FN:21,selectAllColumnsJoin
FN:42,(anonymous_1)
FN:67,(anonymous_2)
FN:105,(anonymous_3)
FN:136,(anonymous_4)
FNF:5
FNH:0
FNDA:0,selectAllColumnsJoin
FNDA:0,(anonymous_1)
FNDA:0,(anonymous_2)
FNDA:0,(anonymous_3)
FNDA:0,(anonymous_4)
DA:22,0
DA:23,0
DA:24,0
DA:25,0
DA:26,0
DA:27,0
DA:28,0
DA:31,0
DA:42,1
DA:43,0
DA:44,0
DA:45,0
DA:46,0
DA:47,0
DA:48,0
DA:50,0
DA:51,0
DA:52,0
DA:55,0
DA:67,1
DA:68,0
DA:69,0
DA:70,0
DA:71,0
DA:72,0
DA:73,0
DA:74,0
DA:75,0
DA:76,0
DA:77,0
DA:78,0
DA:79,0
DA:81,0
DA:82,0
DA:84,0
DA:85,0
DA:86,0
DA:87,0
DA:88,0
DA:93,0
DA:105,1
DA:106,0
DA:107,0
DA:108,0
DA:109,0
DA:112,0
DA:113,0
DA:114,0
DA:115,0
DA:118,0
DA:119,0
DA:120,0
DA:121,0
DA:124,0
DA:136,1
DA:137,0
DA:138,0
DA:139,0
DA:140,0
DA:143,0
DA:146,1
LF:61
LH:5
BRDA:27,0,0,0
BRDA:27,0,1,0
BRDA:47,1,0,0
BRDA:47,1,1,0
BRDA:51,2,0,0
BRDA:51,2,1,0
BRDA:75,3,0,0
BRDA:75,3,1,0
BRDA:77,4,0,0
BRDA:77,4,1,0
BRDA:84,5,0,0
BRDA:84,5,1,0
BRDA:86,6,0,0
BRDA:86,6,1,0
BRDA:86,7,0,0
BRDA:86,7,1,0
BRDA:108,8,0,0
BRDA:108,8,1,0
BRDA:112,9,0,0
BRDA:112,9,1,0
BRDA:113,10,0,0
BRDA:113,10,1,0
BRDA:114,11,0,0
BRDA:114,11,1,0
BRDA:118,12,0,0
BRDA:118,12,1,0
BRDA:120,13,0,0
BRDA:120,13,1,0
BRDA:138,14,0,0
BRDA:138,14,1,0
BRDA:139,15,0,0
BRDA:139,15,1,0
BRF:32
BRH:0
end_of_record
TN:
SF:modules/utils/query/queryData/querySize.js
FN:14,(anonymous_0)
FNF:1
FNH:0
FNDA:0,(anonymous_0)
DA:12,1
DA:14,1
DA:15,0
DA:18,0
DA:26,0
DA:29,1
LF:6
LH:3
BRF:0
BRH:0
end_of_record
TN:
SF:modules/utils/query/queryData/querySizeJoin.js
FN:12,(anonymous_0)
FNF:1
FNH:0
FNDA:0,(anonymous_0)
DA:10,1
DA:12,1
DA:14,0
DA:17,1
LF:4
LH:3
BRF:0
BRH:0
end_of_record
TN:
SF:modules/utils/query/queryData/selectColumn.js
FN:1,(anonymous_0)
FNF:1
FNH:1
FNDA:4,(anonymous_0)
DA:1,1
DA:2,4
DA:3,4
DA:4,24
DA:5,24
DA:6,20
DA:9,4
DA:12,1
LF:8
LH:8
BRDA:5,0,0,20
BRDA:5,0,1,4
BRF:2
BRH:2
end_of_record
TN:
SF:modules/utils/query/queryData/selectColumnJoin.js
FN:1,(anonymous_0)
FNF:1
FNH:0
FNDA:0,(anonymous_0)
DA:1,1
DA:3,0
DA:4,0
DA:5,0
DA:6,0
DA:7,0
DA:8,0
DA:12,0
DA:15,1
LF:9
LH:2
BRDA:5,0,0,0
BRDA:5,0,1,0
BRDA:7,1,0,0
BRDA:7,1,1,0
BRF:4
BRH:0
end_of_record
TN:
SF:modules/utils/query/queryData/selectRelColumnJoin.js
FN:1,(anonymous_0)
FNF:1
FNH:0
FNDA:0,(anonymous_0)
DA:1,1
DA:3,0
DA:4,0
DA:5,0
DA:6,0
DA:7,0
DA:8,0
DA:9,0
DA:12,0
DA:13,0
DA:14,0
DA:15,0
DA:21,0
DA:24,1
LF:14
LH:2
BRDA:5,0,0,0
BRDA:5,0,1,0
BRDA:6,1,0,0
BRDA:6,1,1,0
BRDA:8,2,0,0
BRDA:8,2,1,0
BRDA:12,3,0,0
BRDA:12,3,1,0
BRDA:14,4,0,0
BRDA:14,4,1,0
BRF:10
BRH:0
end_of_record
TN:
SF:modules/utils/query/queryData/setUpData.js
FN:2,(anonymous_0)
FNF:1
FNH:1
FNDA:17,(anonymous_0)
DA:2,1
DA:3,17
DA:4,17
DA:5,17
DA:7,17
DA:9,15
DA:10,15
DA:11,0
DA:14,15
DA:15,15
DA:16,15
DA:18,15
DA:19,1
DA:20,1
DA:22,14
DA:23,14
DA:24,1
DA:26,13
DA:27,13
DA:30,15
DA:32,2
DA:34,2
DA:35,3
DA:36,3
DA:37,1
DA:40,3
DA:42,3
DA:43,0
DA:44,0
DA:46,3
DA:47,3
DA:48,0
DA:50,3
DA:51,3
DA:54,3
DA:58,17
DA:61,1
LF:37
LH:33
BRDA:7,0,0,15
BRDA:7,0,1,2
BRDA:7,1,0,17
BRDA:7,1,1,15
BRDA:7,1,2,15
BRDA:10,2,0,0
BRDA:10,2,1,15
BRDA:18,3,0,1
BRDA:18,3,1,14
BRDA:18,4,0,15
BRDA:18,4,1,1
BRDA:23,5,0,1
BRDA:23,5,1,13
BRDA:23,6,0,14
BRDA:23,6,1,13
BRDA:32,7,0,2
BRDA:32,7,1,0
BRDA:32,8,0,2
BRDA:32,8,1,2
BRDA:32,8,2,2
BRDA:35,9,0,3
BRDA:35,9,1,0
BRDA:36,10,0,1
BRDA:36,10,1,2
BRDA:42,11,0,0
BRDA:42,11,1,3
BRDA:42,12,0,3
BRDA:42,12,1,0
BRDA:47,13,0,0
BRDA:47,13,1,3
BRDA:47,14,0,3
BRDA:47,14,1,3
BRF:32
BRH:26
end_of_record
TN:
SF:modules/utils/query/queryData/updateQuery.js
FN:4,(anonymous_0)
FNF:1
FNH:1
FNDA:4,(anonymous_0)
DA:1,1
DA:2,1
DA:4,1
DA:5,4
DA:7,4
DA:8,4
DA:9,4
DA:10,4
DA:12,4
DA:13,4
DA:15,4
DA:16,4
DA:17,1
DA:18,1
DA:21,4
DA:22,4
DA:24,0
DA:28,1
LF:18
LH:17
BRDA:7,0,0,4
BRDA:7,0,1,0
BRDA:16,1,0,1
BRDA:16,1,1,3
BRDA:16,2,0,4
BRDA:16,2,1,1
BRF:6
BRH:5
end_of_record
TN:
SF:modules/utils/query/queryData/whereClause.js
FN:29,(anonymous_0)
FN:46,(anonymous_1)
FN:86,(anonymous_2)
FNF:3
FNH:3
FNDA:1,(anonymous_0)
FNDA:55,(anonymous_1)
FNDA:61,(anonymous_2)
DA:10,1
DA:29,1
DA:30,1
DA:31,1
DA:32,1
DA:33,1
DA:35,1
DA:46,1
DA:47,55
DA:49,55
DA:50,1
DA:51,1
DA:52,7
DA:53,1
DA:56,1
DA:57,1
DA:59,54
DA:60,54
DA:61,54
DA:62,53
DA:63,53
DA:67,55
DA:86,1
DA:87,61
DA:88,61
DA:89,61
DA:91,61
DA:92,8
DA:96,53
DA:97,53
DA:99,53
DA:100,54
DA:102,54
DA:103,55
DA:105,55
DA:106,55
DA:107,55
DA:108,55
DA:109,55
DA:112,55
DA:114,1
DA:115,1
DA:116,0
DA:117,0
DA:120,1
DA:124,54
DA:125,0
DA:126,0
DA:127,0
DA:130,54
DA:131,54
DA:136,55
DA:137,55
DA:138,1
DA:140,55
DA:144,54
DA:145,1
DA:149,53
DA:152,1
LF:59
LH:54
BRDA:31,0,0,1
BRDA:31,0,1,0
BRDA:31,1,0,1
BRDA:31,1,1,1
BRDA:31,1,2,1
BRDA:32,2,0,1
BRDA:32,2,1,0
BRDA:49,3,0,1
BRDA:49,3,1,54
BRDA:52,4,0,1
BRDA:52,4,1,6
BRDA:56,5,0,1
BRDA:56,5,1,0
BRDA:57,6,0,0
BRDA:57,6,1,1
BRDA:59,7,0,54
BRDA:59,7,1,0
BRDA:61,8,0,53
BRDA:61,8,1,1
BRDA:61,9,0,54
BRDA:61,9,1,54
BRDA:63,10,0,2
BRDA:63,10,1,51
BRDA:86,11,0,0
BRDA:87,12,0,0
BRDA:91,13,0,8
BRDA:91,13,1,53
BRDA:91,14,0,61
BRDA:91,14,1,60
BRDA:96,15,0,2
BRDA:96,15,1,51
BRDA:97,16,0,2
BRDA:97,16,1,51
BRDA:97,17,0,0
BRDA:97,17,1,2
BRDA:97,18,0,2
BRDA:97,18,1,0
BRDA:108,19,0,55
BRDA:108,19,1,0
BRDA:112,20,0,1
BRDA:112,20,1,54
BRDA:112,21,0,55
BRDA:112,21,1,2
BRDA:115,22,0,0
BRDA:115,22,1,1
BRDA:116,23,0,0
BRDA:116,23,1,0
BRDA:124,24,0,0
BRDA:124,24,1,54
BRDA:125,25,0,0
BRDA:125,25,1,0
BRDA:137,26,0,1
BRDA:137,26,1,54
BRDA:144,27,0,1
BRDA:144,27,1,53
BRF:55
BRH:39
end_of_record
TN:
SF:modules/utils/toolsFN/createAUTH.js
FN:3,(anonymous_0)
FNF:1
FNH:1
FNDA:4,(anonymous_0)
DA:1,1
DA:3,1
DA:4,4
DA:5,4
DA:6,4
DA:7,4
DA:8,4
DA:10,4
DA:12,4
DA:13,4
DA:14,4
DA:16,4
DA:17,4
DA:18,4
DA:20,4
DA:21,4
DA:22,4
DA:24,4
DA:25,4
DA:26,4
DA:28,4
DA:29,4
DA:30,4
DA:32,4
DA:33,4
DA:34,4
DA:35,4
DA:37,4
DA:38,4
DA:40,1
LF:30
LH:30
BRF:0
BRH:0
end_of_record
TN:
SF:modules/utils/toolsFN/passwordHash.js
FN:24,(anonymous_0)
FN:34,(anonymous_1)
FN:44,(anonymous_2)
FN:56,(anonymous_3)
FN:80,(anonymous_4)
FNF:5
FNH:5
FNDA:20,(anonymous_0)
FNDA:3,(anonymous_1)
FNDA:16,(anonymous_2)
FNDA:10,(anonymous_3)
FNDA:4,(anonymous_4)
DA:12,1
DA:13,1
DA:15,1
DA:16,1
DA:24,1
DA:25,20
DA:34,1
DA:35,3
DA:44,1
DA:45,16
DA:56,1
DA:57,10
DA:58,4
DA:61,6
DA:63,2
DA:64,2
DA:65,2
DA:69,4
DA:70,4
DA:80,1
DA:81,4
DA:82,1
DA:85,3
DA:86,0
DA:87,0
DA:88,0
DA:91,3
DA:92,3
DA:95,1
LF:29
LH:26
BRDA:45,0,0,16
BRDA:45,0,1,13
BRDA:57,1,0,4
BRDA:57,1,1,6
BRDA:57,2,0,10
BRDA:57,2,1,8
BRDA:61,3,0,2
BRDA:61,3,1,4
BRDA:81,4,0,1
BRDA:81,4,1,3
BRDA:81,5,0,4
BRDA:81,5,1,3
BRDA:85,6,0,0
BRDA:85,6,1,3
BRF:14
BRH:13
end_of_record
